Analysis & Synthesis report for DE2_Clock
Mon Feb 09 16:43:50 2015
Quartus II Version 7.2 Build 151 09/26/2007 SJ Web Edition


---------------------
; Table of Contents ;
---------------------
  1. Legal Notice
  2. Analysis & Synthesis Summary
  3. Analysis & Synthesis Settings
  4. Analysis & Synthesis Source Files Read
  5. Analysis & Synthesis Resource Usage Summary
  6. Analysis & Synthesis Resource Utilization by Entity
  7. State Machine - |DE2_CLOCK|next_command
  8. State Machine - |DE2_CLOCK|state
  9. Registers Removed During Synthesis
 10. Removed Registers Triggering Further Register Optimizations
 11. General Register Statistics
 12. Inverted Register Statistics
 13. Multiplexer Restructuring Statistics (Restructuring Performed)
 14. Analysis & Synthesis Messages



----------------
; Legal Notice ;
----------------
Copyright (C) 1991-2007 Altera Corporation
Your use of Altera Corporation's design tools, logic functions 
and other software and tools, and its AMPP partner logic 
functions, and any output files from any of the foregoing 
(including device programming or simulation files), and any 
associated documentation or information are expressly subject 
to the terms and conditions of the Altera Program License 
Subscription Agreement, Altera MegaCore Function License 
Agreement, or other applicable license agreement, including, 
without limitation, that your use is for the sole purpose of 
programming logic devices manufactured by Altera and sold by 
Altera or its authorized distributors.  Please refer to the 
applicable agreement for further details.



+------------------------------------------------------------------------------+
; Analysis & Synthesis Summary                                                 ;
+------------------------------------+-----------------------------------------+
; Analysis & Synthesis Status        ; Successful - Mon Feb 09 16:43:50 2015   ;
; Quartus II Version                 ; 7.2 Build 151 09/26/2007 SJ Web Edition ;
; Revision Name                      ; DE2_Clock                               ;
; Top-level Entity Name              ; DE2_CLOCK                               ;
; Family                             ; Cyclone II                              ;
; Total logic elements               ; 87                                      ;
;     Total combinational functions  ; 87                                      ;
;     Dedicated logic registers      ; 72                                      ;
; Total registers                    ; 72                                      ;
; Total pins                         ; 88                                      ;
; Total virtual pins                 ; 0                                       ;
; Total memory bits                  ; 0                                       ;
; Embedded Multiplier 9-bit elements ; 0                                       ;
; Total PLLs                         ; 0                                       ;
+------------------------------------+-----------------------------------------+


+--------------------------------------------------------------------------------------------------------------------------+
; Analysis & Synthesis Settings                                                                                            ;
+--------------------------------------------------------------------------------+--------------------+--------------------+
; Option                                                                         ; Setting            ; Default Value      ;
+--------------------------------------------------------------------------------+--------------------+--------------------+
; Device                                                                         ; EP2C35F672C6       ;                    ;
; Top-level entity name                                                          ; DE2_Clock          ; DE2_Clock          ;
; Family name                                                                    ; Cyclone II         ; Stratix            ;
; Use smart compilation                                                          ; Off                ; Off                ;
; Maximum processors allowed for parallel compilation                            ; 1                  ; 1                  ;
; Restructure Multiplexers                                                       ; Auto               ; Auto               ;
; Create Debugging Nodes for IP Cores                                            ; Off                ; Off                ;
; Preserve fewer node names                                                      ; On                 ; On                 ;
; Disable OpenCore Plus hardware evaluation                                      ; Off                ; Off                ;
; Verilog Version                                                                ; Verilog_2001       ; Verilog_2001       ;
; VHDL Version                                                                   ; VHDL93             ; VHDL93             ;
; State Machine Processing                                                       ; Auto               ; Auto               ;
; Safe State Machine                                                             ; Off                ; Off                ;
; Extract Verilog State Machines                                                 ; On                 ; On                 ;
; Extract VHDL State Machines                                                    ; On                 ; On                 ;
; Ignore Verilog initial constructs                                              ; Off                ; Off                ;
; Add Pass-Through Logic to Inferred RAMs                                        ; On                 ; On                 ;
; Parallel Synthesis                                                             ; Off                ; Off                ;
; DSP Block Balancing                                                            ; Auto               ; Auto               ;
; NOT Gate Push-Back                                                             ; On                 ; On                 ;
; Power-Up Don't Care                                                            ; On                 ; On                 ;
; Remove Redundant Logic Cells                                                   ; Off                ; Off                ;
; Remove Duplicate Registers                                                     ; On                 ; On                 ;
; Ignore CARRY Buffers                                                           ; Off                ; Off                ;
; Ignore CASCADE Buffers                                                         ; Off                ; Off                ;
; Ignore GLOBAL Buffers                                                          ; Off                ; Off                ;
; Ignore ROW GLOBAL Buffers                                                      ; Off                ; Off                ;
; Ignore LCELL Buffers                                                           ; Off                ; Off                ;
; Ignore SOFT Buffers                                                            ; On                 ; On                 ;
; Limit AHDL Integers to 32 Bits                                                 ; Off                ; Off                ;
; Optimization Technique -- Cyclone II/Cyclone III                               ; Balanced           ; Balanced           ;
; Carry Chain Length -- Stratix/Stratix GX/Cyclone/MAX II/Cyclone II/Cyclone III ; 70                 ; 70                 ;
; Auto Carry Chains                                                              ; On                 ; On                 ;
; Auto Open-Drain Pins                                                           ; On                 ; On                 ;
; Perform WYSIWYG Primitive Resynthesis                                          ; Off                ; Off                ;
; Perform gate-level register retiming                                           ; Off                ; Off                ;
; Allow register retiming to trade off Tsu/Tco with Fmax                         ; On                 ; On                 ;
; Auto ROM Replacement                                                           ; On                 ; On                 ;
; Auto RAM Replacement                                                           ; On                 ; On                 ;
; Auto Shift Register Replacement                                                ; Auto               ; Auto               ;
; Auto Clock Enable Replacement                                                  ; On                 ; On                 ;
; Allow Synchronous Control Signals                                              ; On                 ; On                 ;
; Force Use of Synchronous Clear Signals                                         ; Off                ; Off                ;
; Auto RAM to Logic Cell Conversion                                              ; Off                ; Off                ;
; Auto Resource Sharing                                                          ; Off                ; Off                ;
; Allow Any RAM Size For Recognition                                             ; Off                ; Off                ;
; Allow Any ROM Size For Recognition                                             ; Off                ; Off                ;
; Allow Any Shift Register Size For Recognition                                  ; Off                ; Off                ;
; Ignore translate_off and synthesis_off directives                              ; Off                ; Off                ;
; Show Parameter Settings Tables in Synthesis Report                             ; On                 ; On                 ;
; Ignore Maximum Fan-Out Assignments                                             ; Off                ; Off                ;
; Retiming Meta-Stability Register Sequence Length                               ; 2                  ; 2                  ;
; PowerPlay Power Optimization                                                   ; Normal compilation ; Normal compilation ;
; HDL message level                                                              ; Level2             ; Level2             ;
; Suppress Register Optimization Related Messages                                ; Off                ; Off                ;
; Number of Removed Registers Reported in Synthesis Report                       ; 100                ; 100                ;
; Clock MUX Protection                                                           ; On                 ; On                 ;
; Block Design Naming                                                            ; Auto               ; Auto               ;
+--------------------------------------------------------------------------------+--------------------+--------------------+


+------------------------------------------------------------------------------------------------------------------------------------+
; Analysis & Synthesis Source Files Read                                                                                             ;
+----------------------------------+-----------------+-----------------+-------------------------------------------------------------+
; File Name with User-Entered Path ; Used in Netlist ; File Type       ; File Name with Absolute Path                                ;
+----------------------------------+-----------------+-----------------+-------------------------------------------------------------+
; DE2_CLOCK.vhd                    ; yes             ; User VHDL File  ; C:/Users/Admin/Documents/GitHub/Mestrado/VHDL/DE2_CLOCK.vhd ;
+----------------------------------+-----------------+-----------------+-------------------------------------------------------------+


+-----------------------------------------------------+
; Analysis & Synthesis Resource Usage Summary         ;
+---------------------------------------------+-------+
; Resource                                    ; Usage ;
+---------------------------------------------+-------+
; Estimated Total logic elements              ; 87    ;
;                                             ;       ;
; Total combinational functions               ; 87    ;
; Logic element usage by number of LUT inputs ;       ;
;     -- 4 input functions                    ; 36    ;
;     -- 3 input functions                    ; 5     ;
;     -- <=2 input functions                  ; 46    ;
;                                             ;       ;
; Logic elements by mode                      ;       ;
;     -- normal mode                          ; 61    ;
;     -- arithmetic mode                      ; 26    ;
;                                             ;       ;
; Total registers                             ; 72    ;
;     -- Dedicated logic registers            ; 72    ;
;     -- I/O registers                        ; 0     ;
;                                             ;       ;
; I/O pins                                    ; 88    ;
; Maximum fan-out node                        ; reset ;
; Maximum fan-out                             ; 54    ;
; Total fan-out                               ; 487   ;
; Average fan-out                             ; 1.97  ;
+---------------------------------------------+-------+


+-----------------------------------------------------------------------------------------------------------------------------------------------------------------------------+
; Analysis & Synthesis Resource Utilization by Entity                                                                                                                         ;
+----------------------------+-------------------+--------------+-------------+--------------+---------+-----------+------+--------------+---------------------+--------------+
; Compilation Hierarchy Node ; LC Combinationals ; LC Registers ; Memory Bits ; DSP Elements ; DSP 9x9 ; DSP 18x18 ; Pins ; Virtual Pins ; Full Hierarchy Name ; Library Name ;
+----------------------------+-------------------+--------------+-------------+--------------+---------+-----------+------+--------------+---------------------+--------------+
; |DE2_CLOCK                 ; 87 (87)           ; 72 (72)      ; 0           ; 0            ; 0       ; 0         ; 88   ; 0            ; |DE2_CLOCK          ; work         ;
+----------------------------+-------------------+--------------+-------------+--------------+---------+-----------+------+--------------+---------------------+--------------+
Note: For table entries with two numbers listed, the numbers in parentheses indicate the number of resources of the given type used by the specific entity alone. The numbers listed outside of parentheses indicate the total resources of the given type used by the specific entity and all of its sub-entities in the hierarchy.


Encoding Type:  One-Hot
+----------------------------------------------------------------------------------------------------------------------------------------------------------------------------------------------------------------------------------------------------------------------------------------------------------------------------------------------------------------------------------------+
; State Machine - |DE2_CLOCK|next_command                                                                                                                                                                                                                                                                                                                                                ;
+----------------------------+----------------------------+--------------------------+---------------------+-------------------+---------------------+-----------------------+--------------------------+--------------------------+--------------------------+--------------------------+-----------------------+-------------------------+-----------------------+---------------------+
; Name                       ; next_command.display_clear ; next_command.display_off ; next_command.reset3 ; next_command.hold ; next_command.reset1 ; next_command.toggle_e ; next_command.return_home ; next_command.write_char3 ; next_command.write_char2 ; next_command.write_char1 ; next_command.mode_set ; next_command.display_on ; next_command.func_set ; next_command.reset2 ;
+----------------------------+----------------------------+--------------------------+---------------------+-------------------+---------------------+-----------------------+--------------------------+--------------------------+--------------------------+--------------------------+-----------------------+-------------------------+-----------------------+---------------------+
; next_command.reset2        ; 0                          ; 0                        ; 0                   ; 0                 ; 0                   ; 0                     ; 0                        ; 0                        ; 0                        ; 0                        ; 0                     ; 0                       ; 0                     ; 0                   ;
; next_command.func_set      ; 0                          ; 0                        ; 0                   ; 0                 ; 0                   ; 0                     ; 0                        ; 0                        ; 0                        ; 0                        ; 0                     ; 0                       ; 1                     ; 1                   ;
; next_command.display_on    ; 0                          ; 0                        ; 0                   ; 0                 ; 0                   ; 0                     ; 0                        ; 0                        ; 0                        ; 0                        ; 0                     ; 1                       ; 0                     ; 1                   ;
; next_command.mode_set      ; 0                          ; 0                        ; 0                   ; 0                 ; 0                   ; 0                     ; 0                        ; 0                        ; 0                        ; 0                        ; 1                     ; 0                       ; 0                     ; 1                   ;
; next_command.write_char1   ; 0                          ; 0                        ; 0                   ; 0                 ; 0                   ; 0                     ; 0                        ; 0                        ; 0                        ; 1                        ; 0                     ; 0                       ; 0                     ; 1                   ;
; next_command.write_char2   ; 0                          ; 0                        ; 0                   ; 0                 ; 0                   ; 0                     ; 0                        ; 0                        ; 1                        ; 0                        ; 0                     ; 0                       ; 0                     ; 1                   ;
; next_command.write_char3   ; 0                          ; 0                        ; 0                   ; 0                 ; 0                   ; 0                     ; 0                        ; 1                        ; 0                        ; 0                        ; 0                     ; 0                       ; 0                     ; 1                   ;
; next_command.return_home   ; 0                          ; 0                        ; 0                   ; 0                 ; 0                   ; 0                     ; 1                        ; 0                        ; 0                        ; 0                        ; 0                     ; 0                       ; 0                     ; 1                   ;
; next_command.toggle_e      ; 0                          ; 0                        ; 0                   ; 0                 ; 0                   ; 1                     ; 0                        ; 0                        ; 0                        ; 0                        ; 0                     ; 0                       ; 0                     ; 1                   ;
; next_command.reset1        ; 0                          ; 0                        ; 0                   ; 0                 ; 1                   ; 0                     ; 0                        ; 0                        ; 0                        ; 0                        ; 0                     ; 0                       ; 0                     ; 1                   ;
; next_command.hold          ; 0                          ; 0                        ; 0                   ; 1                 ; 0                   ; 0                     ; 0                        ; 0                        ; 0                        ; 0                        ; 0                     ; 0                       ; 0                     ; 1                   ;
; next_command.reset3        ; 0                          ; 0                        ; 1                   ; 0                 ; 0                   ; 0                     ; 0                        ; 0                        ; 0                        ; 0                        ; 0                     ; 0                       ; 0                     ; 1                   ;
; next_command.display_off   ; 0                          ; 1                        ; 0                   ; 0                 ; 0                   ; 0                     ; 0                        ; 0                        ; 0                        ; 0                        ; 0                     ; 0                       ; 0                     ; 1                   ;
; next_command.display_clear ; 1                          ; 0                        ; 0                   ; 0                 ; 0                   ; 0                     ; 0                        ; 0                        ; 0                        ; 0                        ; 0                     ; 0                       ; 0                     ; 1                   ;
+----------------------------+----------------------------+--------------------------+---------------------+-------------------+---------------------+-----------------------+--------------------------+--------------------------+--------------------------+--------------------------+-----------------------+-------------------------+-----------------------+---------------------+


Encoding Type:  One-Hot
+-------------------------------------------------------------------------------------------------------------------------------------------------------------------------------------------------------------------------------------------------------------------------------+
; State Machine - |DE2_CLOCK|state                                                                                                                                                                                                                                              ;
+---------------------+---------------------+-------------------+--------------+--------------+------------+----------------+-------------------+-------------------+-------------------+-------------------+----------------+------------------+----------------+--------------+
; Name                ; state.display_clear ; state.display_off ; state.reset3 ; state.reset2 ; state.hold ; state.toggle_e ; state.return_home ; state.write_char3 ; state.write_char2 ; state.write_char1 ; state.mode_set ; state.display_on ; state.func_set ; state.reset1 ;
+---------------------+---------------------+-------------------+--------------+--------------+------------+----------------+-------------------+-------------------+-------------------+-------------------+----------------+------------------+----------------+--------------+
; state.reset1        ; 0                   ; 0                 ; 0            ; 0            ; 0          ; 0              ; 0                 ; 0                 ; 0                 ; 0                 ; 0              ; 0                ; 0              ; 0            ;
; state.func_set      ; 0                   ; 0                 ; 0            ; 0            ; 0          ; 0              ; 0                 ; 0                 ; 0                 ; 0                 ; 0              ; 0                ; 1              ; 1            ;
; state.display_on    ; 0                   ; 0                 ; 0            ; 0            ; 0          ; 0              ; 0                 ; 0                 ; 0                 ; 0                 ; 0              ; 1                ; 0              ; 1            ;
; state.mode_set      ; 0                   ; 0                 ; 0            ; 0            ; 0          ; 0              ; 0                 ; 0                 ; 0                 ; 0                 ; 1              ; 0                ; 0              ; 1            ;
; state.write_char1   ; 0                   ; 0                 ; 0            ; 0            ; 0          ; 0              ; 0                 ; 0                 ; 0                 ; 1                 ; 0              ; 0                ; 0              ; 1            ;
; state.write_char2   ; 0                   ; 0                 ; 0            ; 0            ; 0          ; 0              ; 0                 ; 0                 ; 1                 ; 0                 ; 0              ; 0                ; 0              ; 1            ;
; state.write_char3   ; 0                   ; 0                 ; 0            ; 0            ; 0          ; 0              ; 0                 ; 1                 ; 0                 ; 0                 ; 0              ; 0                ; 0              ; 1            ;
; state.return_home   ; 0                   ; 0                 ; 0            ; 0            ; 0          ; 0              ; 1                 ; 0                 ; 0                 ; 0                 ; 0              ; 0                ; 0              ; 1            ;
; state.toggle_e      ; 0                   ; 0                 ; 0            ; 0            ; 0          ; 1              ; 0                 ; 0                 ; 0                 ; 0                 ; 0              ; 0                ; 0              ; 1            ;
; state.hold          ; 0                   ; 0                 ; 0            ; 0            ; 1          ; 0              ; 0                 ; 0                 ; 0                 ; 0                 ; 0              ; 0                ; 0              ; 1            ;
; state.reset2        ; 0                   ; 0                 ; 0            ; 1            ; 0          ; 0              ; 0                 ; 0                 ; 0                 ; 0                 ; 0              ; 0                ; 0              ; 1            ;
; state.reset3        ; 0                   ; 0                 ; 1            ; 0            ; 0          ; 0              ; 0                 ; 0                 ; 0                 ; 0                 ; 0              ; 0                ; 0              ; 1            ;
; state.display_off   ; 0                   ; 1                 ; 0            ; 0            ; 0          ; 0              ; 0                 ; 0                 ; 0                 ; 0                 ; 0              ; 0                ; 0              ; 1            ;
; state.display_clear ; 1                   ; 0                 ; 0            ; 0            ; 0          ; 0              ; 0                 ; 0                 ; 0                 ; 0                 ; 0              ; 0                ; 0              ; 1            ;
+---------------------+---------------------+-------------------+--------------+--------------+------------+----------------+-------------------+-------------------+-------------------+-------------------+----------------+------------------+----------------+--------------+


+---------------------------------------------------------------------------------+
; Registers Removed During Synthesis                                              ;
+----------------------------------------+----------------------------------------+
; Register name                          ; Reason for Removal                     ;
+----------------------------------------+----------------------------------------+
; LCD_RW~reg0                            ; Stuck at GND due to stuck port data_in ;
; DAC_SIGNAL[0..11]                      ; Stuck at GND due to stuck port data_in ;
; next_command.toggle_e                  ; Stuck at GND due to stuck port data_in ;
; next_command.hold                      ; Stuck at GND due to stuck port data_in ;
; next_command.reset1                    ; Stuck at GND due to stuck port data_in ;
; DATA_BUS_VALUE[6]                      ; Merged with next_command.write_char2   ;
; GPIO0[24]~reg0                         ; Stuck at GND due to stuck port data_in ;
; GPIO0[25]~reg0                         ; Stuck at GND due to stuck port data_in ;
; GPIO0[26]~reg0                         ; Stuck at GND due to stuck port data_in ;
; GPIO0[27]~reg0                         ; Stuck at GND due to stuck port data_in ;
; GPIO0[28]~reg0                         ; Stuck at GND due to stuck port data_in ;
; GPIO0[29]~reg0                         ; Stuck at GND due to stuck port data_in ;
; GPIO0[30]~reg0                         ; Stuck at GND due to stuck port data_in ;
; GPIO0[31]~reg0                         ; Stuck at GND due to stuck port data_in ;
; GPIO0[32]~reg0                         ; Stuck at GND due to stuck port data_in ;
; GPIO0[33]~reg0                         ; Stuck at GND due to stuck port data_in ;
; GPIO0[34]~reg0                         ; Stuck at GND due to stuck port data_in ;
; GPIO0[35]~reg0                         ; Stuck at GND due to stuck port data_in ;
; Total Number of Removed Registers = 29 ;                                        ;
+----------------------------------------+----------------------------------------+


+-------------------------------------------------------------------------------------+
; Removed Registers Triggering Further Register Optimizations                         ;
+----------------+---------------------------+----------------------------------------+
; Register name  ; Reason for Removal        ; Registers Removed due to This Register ;
+----------------+---------------------------+----------------------------------------+
; DAC_SIGNAL[11] ; Stuck at GND              ; GPIO0[25]~reg0                         ;
;                ; due to stuck port data_in ;                                        ;
; DAC_SIGNAL[10] ; Stuck at GND              ; GPIO0[27]~reg0                         ;
;                ; due to stuck port data_in ;                                        ;
; DAC_SIGNAL[9]  ; Stuck at GND              ; GPIO0[29]~reg0                         ;
;                ; due to stuck port data_in ;                                        ;
; DAC_SIGNAL[8]  ; Stuck at GND              ; GPIO0[31]~reg0                         ;
;                ; due to stuck port data_in ;                                        ;
; DAC_SIGNAL[7]  ; Stuck at GND              ; GPIO0[33]~reg0                         ;
;                ; due to stuck port data_in ;                                        ;
; DAC_SIGNAL[6]  ; Stuck at GND              ; GPIO0[35]~reg0                         ;
;                ; due to stuck port data_in ;                                        ;
; DAC_SIGNAL[5]  ; Stuck at GND              ; GPIO0[34]~reg0                         ;
;                ; due to stuck port data_in ;                                        ;
; DAC_SIGNAL[4]  ; Stuck at GND              ; GPIO0[32]~reg0                         ;
;                ; due to stuck port data_in ;                                        ;
; DAC_SIGNAL[3]  ; Stuck at GND              ; GPIO0[30]~reg0                         ;
;                ; due to stuck port data_in ;                                        ;
; DAC_SIGNAL[2]  ; Stuck at GND              ; GPIO0[28]~reg0                         ;
;                ; due to stuck port data_in ;                                        ;
; DAC_SIGNAL[1]  ; Stuck at GND              ; GPIO0[26]~reg0                         ;
;                ; due to stuck port data_in ;                                        ;
; DAC_SIGNAL[0]  ; Stuck at GND              ; GPIO0[24]~reg0                         ;
;                ; due to stuck port data_in ;                                        ;
+----------------+---------------------------+----------------------------------------+


+------------------------------------------------------+
; General Register Statistics                          ;
+----------------------------------------------+-------+
; Statistic                                    ; Value ;
+----------------------------------------------+-------+
; Total registers                              ; 72    ;
; Number of registers using Synchronous Clear  ; 29    ;
; Number of registers using Synchronous Load   ; 0     ;
; Number of registers using Asynchronous Clear ; 42    ;
; Number of registers using Asynchronous Load  ; 0     ;
; Number of registers using Clock Enable       ; 12    ;
; Number of registers using Preset             ; 0     ;
+----------------------------------------------+-------+


+--------------------------------------------------+
; Inverted Register Statistics                     ;
+----------------------------------------+---------+
; Inverted Register                      ; Fan out ;
+----------------------------------------+---------+
; LCD_E~reg0                             ; 2       ;
; DATA_BUS_VALUE[3]                      ; 2       ;
; DATA_BUS_VALUE[4]                      ; 2       ;
; DATA_BUS_VALUE[5]                      ; 2       ;
; Total number of inverted registers = 4 ;         ;
+----------------------------------------+---------+


+----------------------------------------------------------------------------------------------------------------------------------------------+
; Multiplexer Restructuring Statistics (Restructuring Performed)                                                                               ;
+--------------------+-----------+---------------+----------------------+------------------------+------------+--------------------------------+
; Multiplexer Inputs ; Bus Width ; Baseline Area ; Area if Restructured ; Saving if Restructured ; Registered ; Example Multiplexer Output     ;
+--------------------+-----------+---------------+----------------------+------------------------+------------+--------------------------------+
; 3:1                ; 20 bits   ; 40 LEs        ; 20 LEs               ; 20 LEs                 ; Yes        ; |DE2_CLOCK|CLK_COUNT_400HZ[16] ;
+--------------------+-----------+---------------+----------------------+------------------------+------------+--------------------------------+


+-------------------------------+
; Analysis & Synthesis Messages ;
+-------------------------------+
Info: *******************************************************************
Info: Running Quartus II Analysis & Synthesis
    Info: Version 7.2 Build 151 09/26/2007 SJ Web Edition
    Info: Processing started: Mon Feb 09 16:43:46 2015
Info: Command: quartus_map --read_settings_files=on --write_settings_files=off DE2_Clock -c DE2_Clock
Info: Found 2 design units, including 1 entities, in source file DE2_CLOCK.vhd
    Info: Found design unit 1: DE2_CLOCK-a
    Info: Found entity 1: DE2_CLOCK
Info: Elaborating entity "DE2_Clock" for the top level hierarchy
Warning (10036): Verilog HDL or VHDL warning at DE2_CLOCK.vhd(33): object "ADC2" assigned a value but never read
Warning (10036): Verilog HDL or VHDL warning at DE2_CLOCK.vhd(33): object "ADC3" assigned a value but never read
Warning (10540): VHDL Signal Declaration warning at DE2_CLOCK.vhd(42): used explicit default value for signal "COUNT_RMS_FINAL" because signal was never assigned a value
Warning (10036): Verilog HDL or VHDL warning at DE2_CLOCK.vhd(50): object "IMP" assigned a value but never read
Warning (10492): VHDL Process Statement warning at DE2_CLOCK.vhd(209): signal "CLK_COUNT_1HZ" is read inside the Process Statement but isn't in the Process Statement's sensitivity list
Warning (10492): VHDL Process Statement warning at DE2_CLOCK.vhd(210): signal "CLK_COUNT_1HZ" is read inside the Process Statement but isn't in the Process Statement's sensitivity list
Warning (10492): VHDL Process Statement warning at DE2_CLOCK.vhd(213): signal "CLK_1HZ" is read inside the Process Statement but isn't in the Process Statement's sensitivity list
Warning (10631): VHDL Process Statement warning at DE2_CLOCK.vhd(203): inferring latch(es) for signal or variable "CLK_1HZ", which holds its previous value in one or more paths through the process
Warning (14130): Reduced register "LCD_RW~reg0" with stuck data_in port to stuck value GND
Warning (14130): Reduced register "DAC_SIGNAL[11]" with stuck data_in port to stuck value GND
Warning (14130): Reduced register "DAC_SIGNAL[10]" with stuck data_in port to stuck value GND
Warning (14130): Reduced register "DAC_SIGNAL[9]" with stuck data_in port to stuck value GND
Warning (14130): Reduced register "DAC_SIGNAL[8]" with stuck data_in port to stuck value GND
Warning (14130): Reduced register "DAC_SIGNAL[7]" with stuck data_in port to stuck value GND
Warning (14130): Reduced register "DAC_SIGNAL[6]" with stuck data_in port to stuck value GND
Warning (14130): Reduced register "DAC_SIGNAL[5]" with stuck data_in port to stuck value GND
Warning (14130): Reduced register "DAC_SIGNAL[4]" with stuck data_in port to stuck value GND
Warning (14130): Reduced register "DAC_SIGNAL[3]" with stuck data_in port to stuck value GND
Warning (14130): Reduced register "DAC_SIGNAL[2]" with stuck data_in port to stuck value GND
Warning (14130): Reduced register "DAC_SIGNAL[1]" with stuck data_in port to stuck value GND
Warning (14130): Reduced register "DAC_SIGNAL[0]" with stuck data_in port to stuck value GND
Info: State machine "|DE2_CLOCK|next_command" contains 14 states
Info: State machine "|DE2_CLOCK|state" contains 14 states
Info: Selected Auto state machine encoding method for state machine "|DE2_CLOCK|next_command"
Info: Encoding result for state machine "|DE2_CLOCK|next_command"
    Info: Completed encoding using 14 state bits
        Info: Encoded state bit "next_command.display_clear"
        Info: Encoded state bit "next_command.display_off"
        Info: Encoded state bit "next_command.reset3"
        Info: Encoded state bit "next_command.hold"
        Info: Encoded state bit "next_command.reset1"
        Info: Encoded state bit "next_command.toggle_e"
        Info: Encoded state bit "next_command.return_home"
        Info: Encoded state bit "next_command.write_char3"
        Info: Encoded state bit "next_command.write_char2"
        Info: Encoded state bit "next_command.write_char1"
        Info: Encoded state bit "next_command.mode_set"
        Info: Encoded state bit "next_command.display_on"
        Info: Encoded state bit "next_command.func_set"
        Info: Encoded state bit "next_command.reset2"
    Info: State "|DE2_CLOCK|next_command.reset2" uses code string "00000000000000"
    Info: State "|DE2_CLOCK|next_command.func_set" uses code string "00000000000011"
    Info: State "|DE2_CLOCK|next_command.display_on" uses code string "00000000000101"
    Info: State "|DE2_CLOCK|next_command.mode_set" uses code string "00000000001001"
    Info: State "|DE2_CLOCK|next_command.write_char1" uses code string "00000000010001"
    Info: State "|DE2_CLOCK|next_command.write_char2" uses code string "00000000100001"
    Info: State "|DE2_CLOCK|next_command.write_char3" uses code string "00000001000001"
    Info: State "|DE2_CLOCK|next_command.return_home" uses code string "00000010000001"
    Info: State "|DE2_CLOCK|next_command.toggle_e" uses code string "00000100000001"
    Info: State "|DE2_CLOCK|next_command.reset1" uses code string "00001000000001"
    Info: State "|DE2_CLOCK|next_command.hold" uses code string "00010000000001"
    Info: State "|DE2_CLOCK|next_command.reset3" uses code string "00100000000001"
    Info: State "|DE2_CLOCK|next_command.display_off" uses code string "01000000000001"
    Info: State "|DE2_CLOCK|next_command.display_clear" uses code string "10000000000001"
Info: Selected Auto state machine encoding method for state machine "|DE2_CLOCK|state"
Info: Encoding result for state machine "|DE2_CLOCK|state"
    Info: Completed encoding using 14 state bits
        Info: Encoded state bit "state.display_clear"
        Info: Encoded state bit "state.display_off"
        Info: Encoded state bit "state.reset3"
        Info: Encoded state bit "state.reset2"
        Info: Encoded state bit "state.hold"
        Info: Encoded state bit "state.toggle_e"
        Info: Encoded state bit "state.return_home"
        Info: Encoded state bit "state.write_char3"
        Info: Encoded state bit "state.write_char2"
        Info: Encoded state bit "state.write_char1"
        Info: Encoded state bit "state.mode_set"
        Info: Encoded state bit "state.display_on"
        Info: Encoded state bit "state.func_set"
        Info: Encoded state bit "state.reset1"
    Info: State "|DE2_CLOCK|state.reset1" uses code string "00000000000000"
    Info: State "|DE2_CLOCK|state.func_set" uses code string "00000000000011"
    Info: State "|DE2_CLOCK|state.display_on" uses code string "00000000000101"
    Info: State "|DE2_CLOCK|state.mode_set" uses code string "00000000001001"
    Info: State "|DE2_CLOCK|state.write_char1" uses code string "00000000010001"
    Info: State "|DE2_CLOCK|state.write_char2" uses code string "00000000100001"
    Info: State "|DE2_CLOCK|state.write_char3" uses code string "00000001000001"
    Info: State "|DE2_CLOCK|state.return_home" uses code string "00000010000001"
    Info: State "|DE2_CLOCK|state.toggle_e" uses code string "00000100000001"
    Info: State "|DE2_CLOCK|state.hold" uses code string "00001000000001"
    Info: State "|DE2_CLOCK|state.reset2" uses code string "00010000000001"
    Info: State "|DE2_CLOCK|state.reset3" uses code string "00100000000001"
    Info: State "|DE2_CLOCK|state.display_off" uses code string "01000000000001"
    Info: State "|DE2_CLOCK|state.display_clear" uses code string "10000000000001"
Warning (14130): Reduced register "next_command.toggle_e" with stuck data_in port to stuck value GND
Warning (14130): Reduced register "next_command.hold" with stuck data_in port to stuck value GND
Warning (14130): Reduced register "next_command.reset1" with stuck data_in port to stuck value GND
Info: Duplicate registers merged to single register
    Info: Duplicate register "DATA_BUS_VALUE[6]" merged to single register "next_command.write_char2"
Warning: The bidir "GPIO0[0]" has no source; inserted an always disabled tri-state buffer.
Warning: The bidir "GPIO0[1]" has no source; inserted an always disabled tri-state buffer.
Warning: The bidir "GPIO0[2]" has no source; inserted an always disabled tri-state buffer.
Warning: The bidir "GPIO0[3]" has no source; inserted an always disabled tri-state buffer.
Warning: The bidir "GPIO0[4]" has no source; inserted an always disabled tri-state buffer.
Warning: The bidir "GPIO0[5]" has no source; inserted an always disabled tri-state buffer.
Warning: The bidir "GPIO0[6]" has no source; inserted an always disabled tri-state buffer.
Warning: The bidir "GPIO0[7]" has no source; inserted an always disabled tri-state buffer.
Warning: The bidir "GPIO0[8]" has no source; inserted an always disabled tri-state buffer.
Warning: The bidir "GPIO0[9]" has no source; inserted an always disabled tri-state buffer.
Warning: The bidir "GPIO0[10]" has no source; inserted an always disabled tri-state buffer.
Warning: The bidir "GPIO0[11]" has no source; inserted an always disabled tri-state buffer.
Warning: The bidir "GPIO0[12]" has no source; inserted an always disabled tri-state buffer.
Warning: The bidir "GPIO0[13]" has no source; inserted an always disabled tri-state buffer.
Warning: The bidir "GPIO0[14]" has no source; inserted an always disabled tri-state buffer.
Warning: The bidir "GPIO0[15]" has no source; inserted an always disabled tri-state buffer.
Warning: The bidir "GPIO0[16]" has no source; inserted an always disabled tri-state buffer.
Warning: The bidir "GPIO0[17]" has no source; inserted an always disabled tri-state buffer.
Warning: The bidir "GPIO0[18]" has no source; inserted an always disabled tri-state buffer.
Warning: The bidir "GPIO0[19]" has no source; inserted an always disabled tri-state buffer.
Warning: The bidir "GPIO0[20]" has no source; inserted an always disabled tri-state buffer.
Warning: The bidir "GPIO0[21]" has no source; inserted an always disabled tri-state buffer.
Warning: The bidir "GPIO0[22]" has no source; inserted an always disabled tri-state buffer.
Warning: The bidir "GPIO0[23]" has no source; inserted an always disabled tri-state buffer.
Warning: The bidir "GPIO1[0]" has no source; inserted an always disabled tri-state buffer.
Warning: The bidir "GPIO1[1]" has no source; inserted an always disabled tri-state buffer.
Warning: The bidir "GPIO1[2]" has no source; inserted an always disabled tri-state buffer.
Warning: The bidir "GPIO1[3]" has no source; inserted an always disabled tri-state buffer.
Warning: The bidir "GPIO1[4]" has no source; inserted an always disabled tri-state buffer.
Warning: The bidir "GPIO1[5]" has no source; inserted an always disabled tri-state buffer.
Warning: The bidir "GPIO1[6]" has no source; inserted an always disabled tri-state buffer.
Warning: The bidir "GPIO1[7]" has no source; inserted an always disabled tri-state buffer.
Warning: The bidir "GPIO1[8]" has no source; inserted an always disabled tri-state buffer.
Warning: The bidir "GPIO1[9]" has no source; inserted an always disabled tri-state buffer.
Warning: The bidir "GPIO1[10]" has no source; inserted an always disabled tri-state buffer.
Warning: The bidir "GPIO1[11]" has no source; inserted an always disabled tri-state buffer.
Warning: The bidir "GPIO1[12]" has no source; inserted an always disabled tri-state buffer.
Warning: The bidir "GPIO1[13]" has no source; inserted an always disabled tri-state buffer.
Warning: The bidir "GPIO1[14]" has no source; inserted an always disabled tri-state buffer.
Warning: The bidir "GPIO1[15]" has no source; inserted an always disabled tri-state buffer.
Warning: The bidir "GPIO1[16]" has no source; inserted an always disabled tri-state buffer.
Warning: The bidir "GPIO1[17]" has no source; inserted an always disabled tri-state buffer.
Warning: The bidir "GPIO1[18]" has no source; inserted an always disabled tri-state buffer.
Warning: The bidir "GPIO1[19]" has no source; inserted an always disabled tri-state buffer.
Warning: The bidir "GPIO1[20]" has no source; inserted an always disabled tri-state buffer.
Warning: The bidir "GPIO1[21]" has no source; inserted an always disabled tri-state buffer.
Warning: The bidir "GPIO1[22]" has no source; inserted an always disabled tri-state buffer.
Warning: The bidir "GPIO1[23]" has no source; inserted an always disabled tri-state buffer.
Warning: The bidir "GPIO1[24]" has no source; inserted an always disabled tri-state buffer.
Warning: The bidir "GPIO1[25]" has no source; inserted an always disabled tri-state buffer.
Warning: The bidir "GPIO1[26]" has no source; inserted an always disabled tri-state buffer.
Warning: The bidir "GPIO1[27]" has no source; inserted an always disabled tri-state buffer.
Warning: The bidir "GPIO1[28]" has no source; inserted an always disabled tri-state buffer.
Warning: The bidir "GPIO1[29]" has no source; inserted an always disabled tri-state buffer.
Warning: The bidir "GPIO1[30]" has no source; inserted an always disabled tri-state buffer.
Warning: The bidir "GPIO1[31]" has no source; inserted an always disabled tri-state buffer.
Warning: The bidir "GPIO1[32]" has no source; inserted an always disabled tri-state buffer.
Warning: The bidir "GPIO1[33]" has no source; inserted an always disabled tri-state buffer.
Warning: The bidir "GPIO1[34]" has no source; inserted an always disabled tri-state buffer.
Warning: The bidir "GPIO1[35]" has no source; inserted an always disabled tri-state buffer.
Warning: Inserted an always-enabled tri-state buffer between logic and the tri-state bus GPIO0[24]~11 that it feeds
Warning: Inserted an always-enabled tri-state buffer between logic and the tri-state bus GPIO0[25]~10 that it feeds
Warning: Inserted an always-enabled tri-state buffer between logic and the tri-state bus GPIO0[26]~9 that it feeds
Warning: Inserted an always-enabled tri-state buffer between logic and the tri-state bus GPIO0[27]~8 that it feeds
Warning: Inserted an always-enabled tri-state buffer between logic and the tri-state bus GPIO0[28]~7 that it feeds
Warning: Inserted an always-enabled tri-state buffer between logic and the tri-state bus GPIO0[29]~6 that it feeds
Warning: Inserted an always-enabled tri-state buffer between logic and the tri-state bus GPIO0[30]~5 that it feeds
Warning: Inserted an always-enabled tri-state buffer between logic and the tri-state bus GPIO0[31]~4 that it feeds
Warning: Inserted an always-enabled tri-state buffer between logic and the tri-state bus GPIO0[32]~3 that it feeds
Warning: Inserted an always-enabled tri-state buffer between logic and the tri-state bus GPIO0[33]~2 that it feeds
Warning: Inserted an always-enabled tri-state buffer between logic and the tri-state bus GPIO0[34]~1 that it feeds
Warning: Inserted an always-enabled tri-state buffer between logic and the tri-state bus GPIO0[35]~0 that it feeds
Info: One or more bidirs are fed by always enabled tri-state buffers
    Info: Fan-out of permanently enabled tri-state buffer feeding bidir "GPIO0[24]" is moved to its source
    Info: Fan-out of permanently enabled tri-state buffer feeding bidir "GPIO0[25]" is moved to its source
    Info: Fan-out of permanently enabled tri-state buffer feeding bidir "GPIO0[26]" is moved to its source
    Info: Fan-out of permanently enabled tri-state buffer feeding bidir "GPIO0[27]" is moved to its source
    Info: Fan-out of permanently enabled tri-state buffer feeding bidir "GPIO0[28]" is moved to its source
    Info: Fan-out of permanently enabled tri-state buffer feeding bidir "GPIO0[29]" is moved to its source
    Info: Fan-out of permanently enabled tri-state buffer feeding bidir "GPIO0[30]" is moved to its source
    Info: Fan-out of permanently enabled tri-state buffer feeding bidir "GPIO0[31]" is moved to its source
    Info: Fan-out of permanently enabled tri-state buffer feeding bidir "GPIO0[32]" is moved to its source
    Info: Fan-out of permanently enabled tri-state buffer feeding bidir "GPIO0[33]" is moved to its source
    Info: Fan-out of permanently enabled tri-state buffer feeding bidir "GPIO0[34]" is moved to its source
    Info: Fan-out of permanently enabled tri-state buffer feeding bidir "GPIO0[35]" is moved to its source
Warning (14130): Reduced register "GPIO0[24]~reg0" with stuck data_in port to stuck value GND
Warning (14130): Reduced register "GPIO0[25]~reg0" with stuck data_in port to stuck value GND
Warning (14130): Reduced register "GPIO0[26]~reg0" with stuck data_in port to stuck value GND
Warning (14130): Reduced register "GPIO0[27]~reg0" with stuck data_in port to stuck value GND
Warning (14130): Reduced register "GPIO0[28]~reg0" with stuck data_in port to stuck value GND
Warning (14130): Reduced register "GPIO0[29]~reg0" with stuck data_in port to stuck value GND
Warning (14130): Reduced register "GPIO0[30]~reg0" with stuck data_in port to stuck value GND
Warning (14130): Reduced register "GPIO0[31]~reg0" with stuck data_in port to stuck value GND
Warning (14130): Reduced register "GPIO0[32]~reg0" with stuck data_in port to stuck value GND
Warning (14130): Reduced register "GPIO0[33]~reg0" with stuck data_in port to stuck value GND
Warning (14130): Reduced register "GPIO0[34]~reg0" with stuck data_in port to stuck value GND
Warning (14130): Reduced register "GPIO0[35]~reg0" with stuck data_in port to stuck value GND
Info: Registers with preset signals will power-up high
Info: DEV_CLRn pin will set, and not reset, register with preset signal due to NOT Gate Push-Back
Warning: TRI or OPNDRN buffers permanently enabled
    Warning: Node "GPIO0[24]~134"
    Warning: Node "GPIO0[25]~135"
    Warning: Node "GPIO0[26]~136"
    Warning: Node "GPIO0[27]~137"
    Warning: Node "GPIO0[28]~138"
    Warning: Node "GPIO0[29]~139"
    Warning: Node "GPIO0[30]~140"
    Warning: Node "GPIO0[31]~141"
    Warning: Node "GPIO0[32]~142"
    Warning: Node "GPIO0[33]~143"
    Warning: Node "GPIO0[34]~144"
    Warning: Node "GPIO0[35]~145"
    Warning: Node "DATA_BUS[0]~7"
    Warning: Node "DATA_BUS[1]~6"
    Warning: Node "DATA_BUS[2]~5"
    Warning: Node "DATA_BUS[3]~4"
    Warning: Node "DATA_BUS[4]~3"
    Warning: Node "DATA_BUS[5]~2"
    Warning: Node "DATA_BUS[6]~1"
    Warning: Node "DATA_BUS[7]~0"
Warning: Output pins are stuck at VCC or GND
    Warning (13410): Pin "LCD_ON" stuck at VCC
    Warning (13410): Pin "LCD_RW" stuck at GND
Info: Implemented 178 device resources after synthesis - the final resource count might be different
    Info: Implemented 2 input pins
    Info: Implemented 6 output pins
    Info: Implemented 80 bidirectional pins
    Info: Implemented 90 logic cells
Info: Quartus II Analysis & Synthesis was successful. 0 errors, 132 warnings
    Info: Allocated 389 megabytes of memory during processing
    Info: Processing ended: Mon Feb 09 16:43:50 2015
    Info: Elapsed time: 00:00:04


